e:\toad_tech\consensus\prototype\consensus\debug\vc142.pdb
e:\toad_tech\consensus\prototype\consensus\debug\vc142.idb
e:\toad_tech\consensus\prototype\consensus\debug\consensus.obj
e:\toad_tech\consensus\prototype\consensus\debug\consensus.pdb
e:\toad_tech\consensus\prototype\consensus\debug\consensus.tlog\cl.command.1.tlog
e:\toad_tech\consensus\prototype\consensus\debug\consensus.tlog\cl.read.1.tlog
e:\toad_tech\consensus\prototype\consensus\debug\consensus.tlog\cl.write.1.tlog
e:\toad_tech\consensus\prototype\consensus\debug\consensus.tlog\link-cvtres.read.1.tlog
e:\toad_tech\consensus\prototype\consensus\debug\consensus.tlog\link-cvtres.write.1.tlog
e:\toad_tech\consensus\prototype\consensus\debug\consensus.tlog\link-rc.read.1.tlog
e:\toad_tech\consensus\prototype\consensus\debug\consensus.tlog\link-rc.write.1.tlog
e:\toad_tech\consensus\prototype\consensus\debug\consensus.tlog\link.4740-cvtres.read.1.tlog
e:\toad_tech\consensus\prototype\consensus\debug\consensus.tlog\link.4740-cvtres.write.1.tlog
e:\toad_tech\consensus\prototype\consensus\debug\consensus.tlog\link.4740-rc.read.1.tlog
e:\toad_tech\consensus\prototype\consensus\debug\consensus.tlog\link.4740-rc.write.1.tlog
e:\toad_tech\consensus\prototype\consensus\debug\consensus.tlog\link.4740.read.1.tlog
e:\toad_tech\consensus\prototype\consensus\debug\consensus.tlog\link.4740.write.1.tlog
e:\toad_tech\consensus\prototype\consensus\debug\consensus.tlog\link.command.1.tlog
e:\toad_tech\consensus\prototype\consensus\debug\consensus.tlog\link.read.1.tlog
e:\toad_tech\consensus\prototype\consensus\debug\consensus.tlog\link.write.1.tlog
